2023-09-13 08:36:55 error: uncaughtException: ⨯ Unable to compile TypeScript:
src/middleware/validate-dto.middleware.ts(12,27): error TS7030: Not all code paths return a value.

Error: ⨯ Unable to compile TypeScript:
src/middleware/validate-dto.middleware.ts(12,27): error TS7030: Not all code paths return a value.

    at Object.<anonymous> (C:\Users\Usuario\Desktop\node backend\src\middleware\validate-dto.middleware.ts:1:7)
    at Module._compile (node:internal/modules/cjs/loader:1159:14)
    at Module._compile (C:\Users\Usuario\Desktop\node backend\node_modules\source-map-support\source-map-support.js:568:25)
    at Module.m._compile (C:\Users\Usuario\AppData\Local\Temp\ts-node-dev-hook-9218678186405613.js:69:33)
    at Module._extensions..js (node:internal/modules/cjs/loader:1213:10)
    at require.extensions..jsx.require.extensions..js (C:\Users\Usuario\AppData\Local\Temp\ts-node-dev-hook-9218678186405613.js:114:20)
    at require.extensions.<computed> (C:\Users\Usuario\AppData\Local\Temp\ts-node-dev-hook-9218678186405613.js:71:20)
    at Object.nodeDevHook [as .ts] (C:\Users\Usuario\Desktop\node backend\node_modules\ts-node-dev\lib\hook.js:63:13)
    at Module.load (node:internal/modules/cjs/loader:1037:32)
    at Function.Module._load (node:internal/modules/cjs/loader:878:12)
2023-09-13 08:38:36 error: uncaughtException: ⨯ Unable to compile TypeScript:
src/middleware/validate-dto.middleware.ts(12,27): error TS7030: Not all code paths return a value.

Error: ⨯ Unable to compile TypeScript:
src/middleware/validate-dto.middleware.ts(12,27): error TS7030: Not all code paths return a value.

    at Object.<anonymous> (C:\Users\Usuario\Desktop\node backend\src\middleware\validate-dto.middleware.ts:1:7)
    at Module._compile (node:internal/modules/cjs/loader:1159:14)
    at Module._compile (C:\Users\Usuario\Desktop\node backend\node_modules\source-map-support\source-map-support.js:568:25)
    at Module.m._compile (C:\Users\Usuario\AppData\Local\Temp\ts-node-dev-hook-9218678186405613.js:69:33)
    at Module._extensions..js (node:internal/modules/cjs/loader:1213:10)
    at require.extensions..jsx.require.extensions..js (C:\Users\Usuario\AppData\Local\Temp\ts-node-dev-hook-9218678186405613.js:114:20)
    at require.extensions.<computed> (C:\Users\Usuario\AppData\Local\Temp\ts-node-dev-hook-9218678186405613.js:71:20)
    at Object.nodeDevHook [as .ts] (C:\Users\Usuario\Desktop\node backend\node_modules\ts-node-dev\lib\hook.js:63:13)
    at Module.load (node:internal/modules/cjs/loader:1037:32)
    at Function.Module._load (node:internal/modules/cjs/loader:878:12)
2023-09-13 08:40:35 error: uncaughtException: ⨯ Unable to compile TypeScript:
src/middleware/validate-dto.middleware.ts(12,34): error TS7030: Not all code paths return a value.

Error: ⨯ Unable to compile TypeScript:
src/middleware/validate-dto.middleware.ts(12,34): error TS7030: Not all code paths return a value.

    at Object.<anonymous> (C:\Users\Usuario\Desktop\node backend\src\middleware\validate-dto.middleware.ts:1:7)
    at Module._compile (node:internal/modules/cjs/loader:1159:14)
    at Module._compile (C:\Users\Usuario\Desktop\node backend\node_modules\source-map-support\source-map-support.js:568:25)
    at Module.m._compile (C:\Users\Usuario\AppData\Local\Temp\ts-node-dev-hook-9218678186405613.js:69:33)
    at Module._extensions..js (node:internal/modules/cjs/loader:1213:10)
    at require.extensions..jsx.require.extensions..js (C:\Users\Usuario\AppData\Local\Temp\ts-node-dev-hook-9218678186405613.js:114:20)
    at require.extensions.<computed> (C:\Users\Usuario\AppData\Local\Temp\ts-node-dev-hook-9218678186405613.js:71:20)
    at Object.nodeDevHook [as .ts] (C:\Users\Usuario\Desktop\node backend\node_modules\ts-node-dev\lib\hook.js:63:13)
    at Module.load (node:internal/modules/cjs/loader:1037:32)
    at Function.Module._load (node:internal/modules/cjs/loader:878:12)
2023-09-13 08:43:41 error: uncaughtException: ⨯ Unable to compile TypeScript:
src/middleware/validate-dto.middleware.ts(12,27): error TS7030: Not all code paths return a value.

Error: ⨯ Unable to compile TypeScript:
src/middleware/validate-dto.middleware.ts(12,27): error TS7030: Not all code paths return a value.

    at Object.<anonymous> (C:\Users\Usuario\Desktop\node backend\src\middleware\validate-dto.middleware.ts:1:7)
    at Module._compile (node:internal/modules/cjs/loader:1159:14)
    at Module._compile (C:\Users\Usuario\Desktop\node backend\node_modules\source-map-support\source-map-support.js:568:25)
    at Module.m._compile (C:\Users\Usuario\AppData\Local\Temp\ts-node-dev-hook-9218678186405613.js:69:33)
    at Module._extensions..js (node:internal/modules/cjs/loader:1213:10)
    at require.extensions..jsx.require.extensions..js (C:\Users\Usuario\AppData\Local\Temp\ts-node-dev-hook-9218678186405613.js:114:20)
    at require.extensions.<computed> (C:\Users\Usuario\AppData\Local\Temp\ts-node-dev-hook-9218678186405613.js:71:20)
    at Object.nodeDevHook [as .ts] (C:\Users\Usuario\Desktop\node backend\node_modules\ts-node-dev\lib\hook.js:63:13)
    at Module.load (node:internal/modules/cjs/loader:1037:32)
    at Function.Module._load (node:internal/modules/cjs/loader:878:12)
2023-09-13 08:52:58 error: uncaughtException: ⨯ Unable to compile TypeScript:
src/routes/customer.routes.ts(3,1): error TS6133: 'Routes' is declared but its value is never read.
src/routes/customer.routes.ts(7,29): error TS2315: Type 'BaseRoute' is not generic.
src/routes/customer.routes.ts(12,3): error TS2377: Constructors for derived classes must contain a 'super' call.
src/routes/customer.routes.ts(13,5): error TS17009: 'super' must be called before accessing 'this' in the constructor of a derived class.

Error: ⨯ Unable to compile TypeScript:
src/routes/customer.routes.ts(3,1): error TS6133: 'Routes' is declared but its value is never read.
src/routes/customer.routes.ts(7,29): error TS2315: Type 'BaseRoute' is not generic.
src/routes/customer.routes.ts(12,3): error TS2377: Constructors for derived classes must contain a 'super' call.
src/routes/customer.routes.ts(13,5): error TS17009: 'super' must be called before accessing 'this' in the constructor of a derived class.

    at Object.<anonymous> (C:\Users\Usuario\Desktop\node backend\src\routes\customer.routes.ts:1:7)
    at Module._compile (node:internal/modules/cjs/loader:1159:14)
    at Module._compile (C:\Users\Usuario\Desktop\node backend\node_modules\source-map-support\source-map-support.js:568:25)
    at Module.m._compile (C:\Users\Usuario\AppData\Local\Temp\ts-node-dev-hook-9218678186405613.js:69:33)
    at Module._extensions..js (node:internal/modules/cjs/loader:1213:10)
    at require.extensions..jsx.require.extensions..js (C:\Users\Usuario\AppData\Local\Temp\ts-node-dev-hook-9218678186405613.js:114:20)
    at require.extensions.<computed> (C:\Users\Usuario\AppData\Local\Temp\ts-node-dev-hook-9218678186405613.js:71:20)
    at Object.nodeDevHook [as .ts] (C:\Users\Usuario\Desktop\node backend\node_modules\ts-node-dev\lib\hook.js:63:13)
    at Module.load (node:internal/modules/cjs/loader:1037:32)
    at Function.Module._load (node:internal/modules/cjs/loader:878:12)
2023-09-13 08:54:18 error: uncaughtException: ⨯ Unable to compile TypeScript:
src/routes/customer.routes.ts(3,1): error TS6133: 'Routes' is declared but its value is never read.

Error: ⨯ Unable to compile TypeScript:
src/routes/customer.routes.ts(3,1): error TS6133: 'Routes' is declared but its value is never read.

    at Object.<anonymous> (C:\Users\Usuario\Desktop\node backend\src\routes\customer.routes.ts:1:7)
    at Module._compile (node:internal/modules/cjs/loader:1159:14)
    at Module._compile (C:\Users\Usuario\Desktop\node backend\node_modules\source-map-support\source-map-support.js:568:25)
    at Module.m._compile (C:\Users\Usuario\AppData\Local\Temp\ts-node-dev-hook-9218678186405613.js:69:33)
    at Module._extensions..js (node:internal/modules/cjs/loader:1213:10)
    at require.extensions..jsx.require.extensions..js (C:\Users\Usuario\AppData\Local\Temp\ts-node-dev-hook-9218678186405613.js:114:20)
    at require.extensions.<computed> (C:\Users\Usuario\AppData\Local\Temp\ts-node-dev-hook-9218678186405613.js:71:20)
    at Object.nodeDevHook [as .ts] (C:\Users\Usuario\Desktop\node backend\node_modules\ts-node-dev\lib\hook.js:63:13)
    at Module.load (node:internal/modules/cjs/loader:1037:32)
    at Function.Module._load (node:internal/modules/cjs/loader:878:12)
2023-09-13 08:55:19 error: uncaughtException: ⨯ Unable to compile TypeScript:
src/routes/customer.routes.ts(22,39): error TS2769: No overload matches this call.
  The last overload gave the following error.
    Type 'void' is not assignable to type 'ErrorRequestHandler<ParamsDictionary, any, any, ParsedQs, Record<string, any>> | RequestHandler<ParamsDictionary, any, any, ParsedQs, Record<...>>'.
src/routes/customer.routes.ts(22,65): error TS2304: Cannot find name 'req'.
src/routes/customer.routes.ts(22,70): error TS2304: Cannot find name 'res'.
src/routes/customer.routes.ts(22,75): error TS2304: Cannot find name 'next'.

Error: ⨯ Unable to compile TypeScript:
src/routes/customer.routes.ts(22,39): error TS2769: No overload matches this call.
  The last overload gave the following error.
    Type 'void' is not assignable to type 'ErrorRequestHandler<ParamsDictionary, any, any, ParsedQs, Record<string, any>> | RequestHandler<ParamsDictionary, any, any, ParsedQs, Record<...>>'.
src/routes/customer.routes.ts(22,65): error TS2304: Cannot find name 'req'.
src/routes/customer.routes.ts(22,70): error TS2304: Cannot find name 'res'.
src/routes/customer.routes.ts(22,75): error TS2304: Cannot find name 'next'.

    at Object.<anonymous> (C:\Users\Usuario\Desktop\node backend\src\routes\customer.routes.ts:1:7)
    at Module._compile (node:internal/modules/cjs/loader:1159:14)
    at Module._compile (C:\Users\Usuario\Desktop\node backend\node_modules\source-map-support\source-map-support.js:568:25)
    at Module.m._compile (C:\Users\Usuario\AppData\Local\Temp\ts-node-dev-hook-9218678186405613.js:69:33)
    at Module._extensions..js (node:internal/modules/cjs/loader:1213:10)
    at require.extensions..jsx.require.extensions..js (C:\Users\Usuario\AppData\Local\Temp\ts-node-dev-hook-9218678186405613.js:114:20)
    at require.extensions.<computed> (C:\Users\Usuario\AppData\Local\Temp\ts-node-dev-hook-9218678186405613.js:71:20)
    at Object.nodeDevHook [as .ts] (C:\Users\Usuario\Desktop\node backend\node_modules\ts-node-dev\lib\hook.js:63:13)
    at Module.load (node:internal/modules/cjs/loader:1037:32)
    at Function.Module._load (node:internal/modules/cjs/loader:878:12)
